<?xml version="1.0" encoding="UTF-8"?>
<!-- Generated by org.testng.reporters.JUnitReportReporter -->
<testsuite hostname="DESKTOP-SMKDM8G" failures="0" tests="1" name="tests.OrderPageTest" time="12.990" errors="0" timestamp="2023-03-17T22:15:19 EDT" skipped="0">
  <testcase classname="tests.OrderPageTest" name="testProcessButton" time="12.990"/>
  <system-out/>
</testsuite> <!-- tests.OrderPageTest -->
