<?xml version="1.0" encoding="UTF-8"?>
<!-- Generated by org.testng.reporters.JUnitReportReporter -->
<<<<<<< HEAD
<testsuite hostname="DESKTOP-SMKDM8G" failures="0" tests="1" name="tests.ViewAllOrdersTest" time="9.830" errors="0" timestamp="2023-03-17T12:03:37 EDT" skipped="0">
  <testcase classname="tests.ViewAllOrdersTest" name="isPaulStillThere" time="9.830"/>
=======
<<<<<<< HEAD
<testsuite hostname="LAPTOP-4S7TU50V" failures="0" tests="1" name="tests.ViewAllOrdersTest" time="2.934" errors="0" timestamp="2023-03-11T14:17:10 EST" skipped="0">
  <testcase classname="tests.ViewAllOrdersTest" name="isPaulStillThere" time="2.934"/>
=======
<testsuite hostname="VK" failures="0" tests="1" name="tests.ViewAllOrdersTest" time="7.827" errors="0" timestamp="2023-03-12T17:23:34 CDT" skipped="0">
  <testcase classname="tests.ViewAllOrdersTest" name="isPaulStillThere" time="7.827"/>
>>>>>>> 922f524b6028fdb6836b1dffc7351a310ba17e8c
>>>>>>> c2f226c30aa0e10f71691bc79510cdcae9dc7ec7
  <system-out/>
</testsuite> <!-- tests.ViewAllOrdersTest -->
