<?xml version="1.0" encoding="UTF-8"?>
<!-- Generated by org.testng.reporters.JUnitReportReporter -->
<testsuite hostname="Shalina" failures="0" tests="5" name="tests.DashboardTest" time="12.432" errors="0" timestamp="2023-03-16T08:24:39 EDT" skipped="0">
  <testcase classname="tests.DashboardTest" name="verifyviewAllProductsButton" time="2.327"/>
  <system-out/>
  <testcase classname="tests.DashboardTest" name="verifyviewAllOrderButton" time="2.350"/>
  <system-out/>
  <testcase classname="tests.DashboardTest" name="verifyDashBoardPage" time="2.849"/>
  <system-out/>
  <testcase classname="tests.DashboardTest" name="verifyorderButton" time="2.320"/>
  <system-out/>
  <testcase classname="tests.DashboardTest" name="verifylogoutButton" time="2.586"/>
  <system-out/>
</testsuite> <!-- tests.DashboardTest -->
