<?xml version="1.0" encoding="UTF-8"?>
<!-- Generated by org.testng.reporters.JUnitReportReporter -->
<testsuite hostname="VK" failures="0" tests="1" name="tests.ViewAllOrdersTest" time="7.827" errors="0" timestamp="2023-03-12T17:23:34 CDT" skipped="0">
  <testcase classname="tests.ViewAllOrdersTest" name="isPaulStillThere" time="7.827"/>
  <system-out/>
</testsuite> <!-- tests.ViewAllOrdersTest -->
