<?xml version="1.0" encoding="UTF-8"?>
<!-- Generated by org.testng.reporters.JUnitReportReporter -->
<testsuite hostname="Shalina" failures="0" tests="1" name="tests.DashboardPageTableTest" time="2.679" errors="0" timestamp="2023-03-24T17:24:23 EDT" skipped="0">
  <testcase classname="tests.DashboardPageTableTest" name="rows" time="2.679"/>
  <system-out/>
</testsuite> <!-- tests.DashboardPageTableTest -->
