<?xml version="1.0" encoding="UTF-8"?>
<!-- Generated by org.testng.reporters.JUnitReportReporter -->
<testsuite hostname="VK" failures="0" tests="3" name="tests.CalculateDiscountTest" time="0.550" errors="0" timestamp="2023-03-12T17:31:17 CDT" skipped="0">
  <testcase classname="tests.CalculateDiscountTest" name="familyAlbum" time="0.278"/>
  <system-out/>
  <testcase classname="tests.CalculateDiscountTest" name="myMoney" time="0.136"/>
  <system-out/>
  <testcase classname="tests.CalculateDiscountTest" name="screenSaver" time="0.136"/>
  <system-out/>
</testsuite> <!-- tests.CalculateDiscountTest -->
