<?xml version="1.0" encoding="UTF-8"?>
<!-- Generated by org.testng.reporters.JUnitReportReporter -->
<testsuite hostname="Shalina" failures="0" tests="3" name="tests.CalculateDiscountTest" time="0.905" errors="0" timestamp="2023-03-15T20:29:46 EDT" skipped="0">
  <testcase classname="tests.CalculateDiscountTest" name="familyAlbum" time="0.396"/>
  <system-out/>
  <testcase classname="tests.CalculateDiscountTest" name="myMoney" time="0.268"/>
  <system-out/>
  <testcase classname="tests.CalculateDiscountTest" name="screenSaver" time="0.241"/>
  <system-out/>
</testsuite> <!-- tests.CalculateDiscountTest -->
