<?xml version="1.0" encoding="UTF-8"?>
<!-- Generated by org.testng.reporters.JUnitReportReporter -->
<testsuite hostname="Shalina" failures="0" tests="1" name="tests.CalculateDiscount" time="0.293" errors="0" timestamp="2023-03-10T08:02:36 EST" skipped="0">
  <testcase classname="tests.CalculateDiscount" name="selectOrders" time="0.293"/>
  <system-out/>
</testsuite> <!-- tests.CalculateDiscount -->
