<?xml version="1.0" encoding="UTF-8"?>
<!-- Generated by org.testng.reporters.JUnitReportReporter -->
<testsuite hostname="LAPTOP-4S7TU50V" failures="0" tests="3" name="tests.CalculateDiscountTest" time="0.480" errors="0" timestamp="2023-03-11T01:27:49 EST" skipped="0">
  <testcase classname="tests.CalculateDiscountTest" name="familyAlbum" time="0.216"/>
  <system-out/>
  <testcase classname="tests.CalculateDiscountTest" name="myMoney" time="0.136"/>
  <system-out/>
  <testcase classname="tests.CalculateDiscountTest" name="screenSaver" time="0.128"/>
  <system-out/>
</testsuite> <!-- tests.CalculateDiscountTest -->
