<?xml version="1.0" encoding="UTF-8"?>
<!-- Generated by org.testng.reporters.JUnitReportReporter -->
<testsuite hostname="LAPTOP-4S7TU50V" failures="0" tests="1" name="tests.ViewAllOrdersTest" time="2.934" errors="0" timestamp="2023-03-11T14:17:10 EST" skipped="0">
  <testcase classname="tests.ViewAllOrdersTest" name="isPaulStillThere" time="2.934"/>
  <system-out/>
</testsuite> <!-- tests.ViewAllOrdersTest -->
