<?xml version="1.0" encoding="UTF-8"?>
<!-- Generated by org.testng.reporters.JUnitReportReporter -->
<testsuite hostname="DESKTOP-SMKDM8G" failures="0" tests="1" name="tests.ViewAllOrdersTest" time="10.994" errors="0" timestamp="2023-03-10T23:51:02 EST" skipped="0">
  <testcase classname="tests.ViewAllOrdersTest" name="isPaulStillThere" time="10.994"/>
  <system-out/>
</testsuite> <!-- tests.ViewAllOrdersTest -->
