<?xml version="1.0" encoding="UTF-8"?>
<!-- Generated by org.testng.reporters.JUnitReportReporter -->
<testsuite hostname="LAPTOP-4S7TU50V" failures="0" tests="3" name="tests.LoginPageTest" time="5.661" errors="0" timestamp="2023-03-11T14:17:10 EST" skipped="0">
  <testcase classname="tests.LoginPageTest" name="testLoginWithValidCredentials" time="1.902"/>
  <system-out/>
  <testcase classname="tests.LoginPageTest" name="testLoginInvalidCredentials" time="1.555"/>
  <system-out/>
  <testcase classname="tests.LoginPageTest" name="testLoginWithEmptyCredentials" time="2.204"/>
  <system-out/>
</testsuite> <!-- tests.LoginPageTest -->
