<?xml version="1.0" encoding="UTF-8"?>
<!-- Generated by org.testng.reporters.JUnitReportReporter -->
<testsuite hostname="Shalina" failures="0" tests="1" name="tests.ViewAllOrdersTest" time="2.767" errors="0" timestamp="2023-03-15T08:22:50 EDT" skipped="0">
  <testcase classname="tests.ViewAllOrdersTest" name="isPaulStillThere" time="2.767"/>
  <system-out/>
</testsuite> <!-- tests.ViewAllOrdersTest -->
