<?xml version="1.0" encoding="UTF-8"?>
<!-- Generated by org.testng.reporters.JUnitReportReporter -->
<testsuite hostname="Shalina" failures="0" tests="3" name="tests.CalculateDiscountTest" time="0.948" errors="0" timestamp="2023-03-14T09:19:42 EDT" skipped="0">
  <testcase classname="tests.CalculateDiscountTest" name="familyAlbum" time="0.345"/>
  <system-out/>
  <testcase classname="tests.CalculateDiscountTest" name="myMoney" time="0.348"/>
  <system-out/>
  <testcase classname="tests.CalculateDiscountTest" name="screenSaver" time="0.255"/>
  <system-out/>
</testsuite> <!-- tests.CalculateDiscountTest -->
