<?xml version="1.0" encoding="UTF-8"?>
<!-- Generated by org.testng.reporters.JUnitReportReporter -->
<testsuite hostname="DESKTOP-SMKDM8G" failures="0" tests="1" name="tests.LoginPageTest" time="4.142" errors="0" timestamp="2023-03-17T14:24:08 EDT" skipped="0">
  <testcase classname="tests.LoginPageTest" name="testLoginWithValidCredentialss" time="4.142"/>
  <system-out/>
</testsuite> <!-- tests.LoginPageTest -->
