<?xml version="1.0" encoding="UTF-8"?>
<!-- Generated by org.testng.reporters.JUnitReportReporter -->
<testsuite hostname="Shalina" failures="0" tests="1" name="tests.LoginPageTest" time="3.344" errors="0" timestamp="2023-03-15T18:02:59 EDT" skipped="0">
  <testcase classname="tests.LoginPageTest" name="testLoginWithValidCredentials" time="3.344"/>
  <system-out/>
</testsuite> <!-- tests.LoginPageTest -->
