<?xml version="1.0" encoding="UTF-8"?>
<!-- Generated by org.testng.reporters.JUnitReportReporter -->
<testsuite hostname="DESKTOP-SMKDM8G" failures="0" tests="1" name="tests.ViewAllOrdersTest" time="5.716" errors="0" timestamp="2023-03-17T13:09:13 EDT" skipped="0">
  <testcase classname="tests.ViewAllOrdersTest" name="isPaulStillThere" time="5.716"/>
  <system-out/>
</testsuite> <!-- tests.ViewAllOrdersTest -->
