<?xml version="1.0" encoding="UTF-8"?>
<!-- Generated by org.testng.reporters.JUnitReportReporter -->
<testsuite hostname="VK" failures="0" tests="1" name="tests.OrderPageTestNG" time="6.682" errors="0" timestamp="2023-03-12T17:41:05 CDT" skipped="0">
  <testcase classname="tests.OrderPageTestNG" name="fillingInformations" time="6.682"/>
  <system-out/>
</testsuite> <!-- tests.OrderPageTestNG -->
