<?xml version="1.0" encoding="UTF-8"?>
<!-- Generated by org.testng.reporters.JUnitReportReporter -->
<testsuite hostname="VK" failures="0" tests="3" name="tests.OrderPageTest" time="8.094" errors="0" timestamp="2023-03-12T18:04:35 CDT" skipped="0">
  <testcase classname="tests.OrderPageTest" name="testProcessButton" time="2.159"/>
  <system-out/>
  <testcase classname="tests.OrderPageTest" name="fillingInformations" time="3.913"/>
  <system-out/>
  <testcase classname="tests.OrderPageTest" name="testResetButton" time="2.022"/>
  <system-out/>
</testsuite> <!-- tests.OrderPageTest -->
