<?xml version="1.0" encoding="UTF-8"?>
<!-- Generated by org.testng.reporters.JUnitReportReporter -->
<testsuite hostname="DESKTOP-SMKDM8G" failures="0" tests="1" name="tests.ViewAllOrdersTest" time="6.587" errors="0" timestamp="2023-03-17T15:34:43 EDT" skipped="0">
  <testcase classname="tests.ViewAllOrdersTest" name="isPaulStillThere" time="6.587"/>
  <system-out/>
</testsuite> <!-- tests.ViewAllOrdersTest -->
