<?xml version="1.0" encoding="UTF-8"?>
<!-- Generated by org.testng.reporters.JUnitReportReporter -->
<testsuite hostname="Shalina" failures="0" tests="3" name="tests.CalculateDiscountTest" time="0.691" errors="0" timestamp="2023-03-10T20:02:10 EST" skipped="0">
  <testcase classname="tests.CalculateDiscountTest" name="familyAlbum" time="0.313"/>
  <system-out/>
  <testcase classname="tests.CalculateDiscountTest" name="myMoney" time="0.199"/>
  <system-out/>
  <testcase classname="tests.CalculateDiscountTest" name="screenSaver" time="0.179"/>
  <system-out/>
</testsuite> <!-- tests.CalculateDiscountTest -->
