<?xml version="1.0" encoding="UTF-8"?>
<!-- Generated by org.testng.reporters.JUnitReportReporter -->
<testsuite hostname="DESKTOP-SMKDM8G" failures="0" tests="1" name="tests.LoginPageTest" time="10.209" errors="0" timestamp="2023-03-10T23:33:44 EST" skipped="0">
  <testcase classname="tests.LoginPageTest" name="testLoginWithEmptyCredentials" time="10.209"/>
  <system-out/>
</testsuite> <!-- tests.LoginPageTest -->
