<?xml version="1.0" encoding="UTF-8"?>
<!-- Generated by org.testng.reporters.JUnitReportReporter -->
<<<<<<< HEAD
<testsuite hostname="LAPTOP-4S7TU50V" failures="0" tests="3" name="tests.CalculateDiscountTest" time="0.480" errors="0" timestamp="2023-03-11T01:27:49 EST" skipped="0">
  <testcase classname="tests.CalculateDiscountTest" name="familyAlbum" time="0.216"/>
  <system-out/>
  <testcase classname="tests.CalculateDiscountTest" name="myMoney" time="0.136"/>
  <system-out/>
  <testcase classname="tests.CalculateDiscountTest" name="screenSaver" time="0.128"/>
=======
<testsuite hostname="VK" failures="0" tests="3" name="tests.CalculateDiscountTest" time="0.550" errors="0" timestamp="2023-03-12T17:31:17 CDT" skipped="0">
  <testcase classname="tests.CalculateDiscountTest" name="familyAlbum" time="0.278"/>
  <system-out/>
  <testcase classname="tests.CalculateDiscountTest" name="myMoney" time="0.136"/>
  <system-out/>
  <testcase classname="tests.CalculateDiscountTest" name="screenSaver" time="0.136"/>
>>>>>>> 922f524b6028fdb6836b1dffc7351a310ba17e8c
  <system-out/>
</testsuite> <!-- tests.CalculateDiscountTest -->
